[2022-07-11T20:21:46.238Z] Log level: Info
[2022-07-11T20:21:46.240Z] [info] Validating found git in: git
[2022-07-11T20:21:46.264Z] [info] Using git 2.37.0 from git
[2022-07-11T20:21:46.296Z] > git rev-parse --show-toplevel [10ms]
[2022-07-11T20:21:46.296Z] fatal: not a git repository (or any parent up to mount point /)
Stopping at filesystem boundary (GIT_DISCOVERY_ACROSS_FILESYSTEM not set).
[2022-07-11T20:21:46.309Z] > git rev-parse --show-toplevel [1ms]
[2022-07-11T20:21:46.310Z] fatal: not a git repository (or any parent up to mount point /)
Stopping at filesystem boundary (GIT_DISCOVERY_ACROSS_FILESYSTEM not set).
[2022-07-11T20:21:46.319Z] > git rev-parse --show-toplevel [2ms]
[2022-07-11T20:21:46.319Z] fatal: not a git repository (or any parent up to mount point /)
Stopping at filesystem boundary (GIT_DISCOVERY_ACROSS_FILESYSTEM not set).
[2022-07-11T20:21:46.333Z] > git rev-parse --show-toplevel [1ms]
[2022-07-11T20:21:46.334Z] fatal: not a git repository (or any parent up to mount point /)
Stopping at filesystem boundary (GIT_DISCOVERY_ACROSS_FILESYSTEM not set).
[2022-07-11T20:21:46.342Z] > git rev-parse --show-toplevel [1ms]
[2022-07-11T20:21:46.342Z] fatal: not a git repository (or any parent up to mount point /)
Stopping at filesystem boundary (GIT_DISCOVERY_ACROSS_FILESYSTEM not set).
[2022-07-11T20:21:46.622Z] > git rev-parse --show-toplevel [1ms]
[2022-07-11T20:21:46.623Z] fatal: not a git repository (or any parent up to mount point /)
Stopping at filesystem boundary (GIT_DISCOVERY_ACROSS_FILESYSTEM not set).
[2022-07-11T20:22:34.015Z] > git rev-parse --show-toplevel [1ms]
[2022-07-11T20:22:34.015Z] fatal: not a git repository (or any parent up to mount point /)
Stopping at filesystem boundary (GIT_DISCOVERY_ACROSS_FILESYSTEM not set).
[2022-07-11T20:22:38.389Z] > git rev-parse --show-toplevel [6ms]
[2022-07-11T20:22:38.389Z] fatal: not a git repository (or any parent up to mount point /)
Stopping at filesystem boundary (GIT_DISCOVERY_ACROSS_FILESYSTEM not set).
